<testsuites id="" name="" tests="16" failures="0" skipped="0" errors="0" time="4.336932">
<testsuite name="api\jsonplaceholder\post-lifecycle.spec.ts" timestamp="2026-01-16T10:54:20.323Z" hostname="api" tests="1" failures="0" skipped="0" time="1.501" errors="0">
<testcase name="JSONPlaceholder API - E2E: Post Lifecycle Management › Complete CRUD Lifecycle - Create, Read, Update, Verify, Delete, Final Check" classname="api\jsonplaceholder\post-lifecycle.spec.ts" time="1.501">
</testcase>
</testsuite>
<testsuite name="api\jsonplaceholder\posts-create.spec.ts" timestamp="2026-01-16T10:54:20.323Z" hostname="api" tests="3" failures="0" skipped="0" time="1.972" errors="0">
<testcase name="JSONPlaceholder API - Part 3: POST Create Post › TC 3.1: Create Post - Status 201, echo check, id=101" classname="api\jsonplaceholder\posts-create.spec.ts" time="0.73">
</testcase>
<testcase name="JSONPlaceholder API - Part 3: POST Create Post › TC 3.2: Empty Payload - Test API strictness" classname="api\jsonplaceholder\posts-create.spec.ts" time="0.626">
</testcase>
<testcase name="JSONPlaceholder API - Part 3: POST Create Post › TC 3.3: Security Check - Extra field filtering (admin: true)" classname="api\jsonplaceholder\posts-create.spec.ts" time="0.616">
</testcase>
</testsuite>
<testsuite name="api\jsonplaceholder\posts-get.spec.ts" timestamp="2026-01-16T10:54:20.323Z" hostname="api" tests="7" failures="0" skipped="0" time="0.44" errors="0">
<testcase name="JSONPlaceholder API - Part 1 &amp; 2: GET Posts › TC 1.1: Get All Posts - Status 200, JSON content-type, response time &lt; 800ms" classname="api\jsonplaceholder\posts-get.spec.ts" time="0.081">
</testcase>
<testcase name="JSONPlaceholder API - Part 1 &amp; 2: GET Posts › TC 1.2: Sort Order - Verify ascending ID order" classname="api\jsonplaceholder\posts-get.spec.ts" time="0.066">
</testcase>
<testcase name="JSONPlaceholder API - Part 1 &amp; 2: GET Posts › TC 1.3: Data Types - Validate id, userId are numbers; title, body are strings" classname="api\jsonplaceholder\posts-get.spec.ts" time="0.061">
</testcase>
<testcase name="JSONPlaceholder API - Part 1 &amp; 2: GET Posts › TC 1.4: Filter Check - GET /posts?userId=1 returns 10 items with userId=1" classname="api\jsonplaceholder\posts-get.spec.ts" time="0.053">
</testcase>
<testcase name="JSONPlaceholder API - Part 1 &amp; 2: GET Posts › TC 2.1: Get Post 99 - Verify userId=10, id=99, non-empty title/body" classname="api\jsonplaceholder\posts-get.spec.ts" time="0.061">
</testcase>
<testcase name="JSONPlaceholder API - Part 1 &amp; 2: GET Posts › TC 2.2: Negative - Not Found - GET /posts/150 returns 404 with empty object" classname="api\jsonplaceholder\posts-get.spec.ts" time="0.057">
</testcase>
<testcase name="JSONPlaceholder API - Part 1 &amp; 2: GET Posts › TC 2.3: Negative - Invalid ID - GET /posts/abc returns 404 or 400" classname="api\jsonplaceholder\posts-get.spec.ts" time="0.061">
</testcase>
</testsuite>
<testsuite name="api\jsonplaceholder\users.spec.ts" timestamp="2026-01-16T10:54:20.323Z" hostname="api" tests="5" failures="0" skipped="0" time="0.385" errors="0">
<testcase name="JSONPlaceholder API - Part 4 &amp; 5: GET Users and Data Consistency › TC 4.1: Get All Users - Status 200, exactly 10 users" classname="api\jsonplaceholder\users.spec.ts" time="0.055">
</testcase>
<testcase name="JSONPlaceholder API - Part 4 &amp; 5: GET Users and Data Consistency › TC 4.2: Deep Data User 5 - Verify nested Address, Geo, Company structure" classname="api\jsonplaceholder\users.spec.ts" time="0.068">
</testcase>
<testcase name="JSONPlaceholder API - Part 4 &amp; 5: GET Users and Data Consistency › TC 4.3: Data Range - Verify geo.lat (-90 to 90), geo.lng (-180 to 180)" classname="api\jsonplaceholder\users.spec.ts" time="0.076">
</testcase>
<testcase name="JSONPlaceholder API - Part 4 &amp; 5: GET Users and Data Consistency › TC 5.1: Cross-Check User 5 - Compare /users/5 with /users list" classname="api\jsonplaceholder\users.spec.ts" time="0.088">
</testcase>
<testcase name="JSONPlaceholder API - Part 4 &amp; 5: GET Users and Data Consistency › TC 5.2: Relational Check - Verify User 5&apos;s posts exist and belong to User 5" classname="api\jsonplaceholder\users.spec.ts" time="0.098">
</testcase>
</testsuite>
</testsuites>